<?xml version="1.0" encoding="UTF-8"?>
<testng-results ignored="0" total="1" passed="1" failed="0" skipped="0">
  <reporter-output>
  </reporter-output>
  <suite started-at="2025-02-13T12:13:19 IST" name="Default suite" finished-at="2025-02-13T12:13:28 IST" duration-ms="9434">
    <groups>
    </groups>
    <test started-at="2025-02-13T12:13:19 IST" name="Default test" finished-at="2025-02-13T12:13:28 IST" duration-ms="9434">
      <class name="News.Indiadotcom">
        <test-method signature="Load_Url()[pri:0, instance:News.Indiadotcom@158da8e]" started-at="2025-02-13T12:13:19 IST" name="Load_Url" finished-at="2025-02-13T12:13:28 IST" duration-ms="9400" status="PASS">
          <reporter-output>
          </reporter-output>
        </test-method> <!-- Load_Url -->
      </class> <!-- News.Indiadotcom -->
    </test> <!-- Default test -->
  </suite> <!-- Default suite -->
</testng-results>
